0 info it worked if it ends with ok
1 verbose cli [ '/Users/Fio/.nvm/versions/node/v4.4.2/bin/node',
1 verbose cli   '/Users/Fio/.nvm/versions/node/v4.4.2/bin/npm',
1 verbose cli   'install',
1 verbose cli   'browsersync' ]
2 info using npm@2.15.0
3 info using node@v4.4.2
4 verbose install initial load of /Users/Fio/Grind/jekyll-gulp-sass-browser-sync-master/package.json
5 verbose installManyTop reading scoped package data from /Users/Fio/Grind/jekyll-gulp-sass-browser-sync-master/node_modules/browser-sync/package.json
6 verbose installManyTop reading scoped package data from /Users/Fio/Grind/jekyll-gulp-sass-browser-sync-master/node_modules/gulp/package.json
7 verbose installManyTop reading scoped package data from /Users/Fio/Grind/jekyll-gulp-sass-browser-sync-master/node_modules/gulp-autoprefixer/package.json
8 verbose installManyTop reading scoped package data from /Users/Fio/Grind/jekyll-gulp-sass-browser-sync-master/node_modules/gulp-jade/package.json
9 verbose installManyTop reading scoped package data from /Users/Fio/Grind/jekyll-gulp-sass-browser-sync-master/node_modules/gulp-pug/package.json
10 verbose installManyTop reading scoped package data from /Users/Fio/Grind/jekyll-gulp-sass-browser-sync-master/node_modules/gulp-sass/package.json
11 verbose installManyTop reading scoped package data from /Users/Fio/Grind/jekyll-gulp-sass-browser-sync-master/node_modules/pug/package.json
12 info package.json browser-sync@1.9.2 No license field.
13 verbose readDependencies loading dependencies from /Users/Fio/Grind/jekyll-gulp-sass-browser-sync-master/package.json
14 silly cache add args [ 'browsersync', null ]
15 verbose cache add spec browsersync
16 silly cache add parsed spec Result {
16 silly cache add   raw: 'browsersync',
16 silly cache add   scope: null,
16 silly cache add   name: 'browsersync',
16 silly cache add   rawSpec: '',
16 silly cache add   spec: 'latest',
16 silly cache add   type: 'tag' }
17 silly addNamed browsersync@latest
18 verbose addNamed "latest" is being treated as a dist-tag for browsersync
19 info addNameTag [ 'browsersync', 'latest' ]
20 silly mapToRegistry name browsersync
21 silly mapToRegistry using default registry
22 silly mapToRegistry registry https://registry.npmjs.org/
23 silly mapToRegistry data Result {
23 silly mapToRegistry   raw: 'browsersync',
23 silly mapToRegistry   scope: null,
23 silly mapToRegistry   name: 'browsersync',
23 silly mapToRegistry   rawSpec: '',
23 silly mapToRegistry   spec: 'latest',
23 silly mapToRegistry   type: 'tag' }
24 silly mapToRegistry uri https://registry.npmjs.org/browsersync
25 verbose addNameTag registry:https://registry.npmjs.org/browsersync not in flight; fetching
26 verbose request uri https://registry.npmjs.org/browsersync
27 verbose request no auth needed
28 info attempt registry request try #1 at 11:16:34 PM
29 verbose request id 8f7f44b85677c2da
30 http request GET https://registry.npmjs.org/browsersync
31 http 404 https://registry.npmjs.org/browsersync
32 verbose headers { 'content-type': 'application/json',
32 verbose headers   'cache-control': 'max-age=0',
32 verbose headers   'content-length': '2',
32 verbose headers   'accept-ranges': 'bytes',
32 verbose headers   date: 'Tue, 27 Sep 2016 06:16:34 GMT',
32 verbose headers   via: '1.1 varnish',
32 verbose headers   age: '0',
32 verbose headers   connection: 'keep-alive',
32 verbose headers   'x-served-by': 'cache-sea1923-SEA',
32 verbose headers   'x-cache': 'MISS',
32 verbose headers   'x-cache-hits': '0',
32 verbose headers   'x-timer': 'S1474956994.519758,VS0,VE330',
32 verbose headers   vary: 'Accept-Encoding' }
33 silly get cb [ 404,
33 silly get   { 'content-type': 'application/json',
33 silly get     'cache-control': 'max-age=0',
33 silly get     'content-length': '2',
33 silly get     'accept-ranges': 'bytes',
33 silly get     date: 'Tue, 27 Sep 2016 06:16:34 GMT',
33 silly get     via: '1.1 varnish',
33 silly get     age: '0',
33 silly get     connection: 'keep-alive',
33 silly get     'x-served-by': 'cache-sea1923-SEA',
33 silly get     'x-cache': 'MISS',
33 silly get     'x-cache-hits': '0',
33 silly get     'x-timer': 'S1474956994.519758,VS0,VE330',
33 silly get     vary: 'Accept-Encoding' } ]
34 verbose stack Error: Registry returned 404 for GET on https://registry.npmjs.org/browsersync
34 verbose stack     at makeError (/Users/Fio/.nvm/versions/node/v4.4.2/lib/node_modules/npm/node_modules/npm-registry-client/lib/request.js:264:12)
34 verbose stack     at CachingRegistryClient.<anonymous> (/Users/Fio/.nvm/versions/node/v4.4.2/lib/node_modules/npm/node_modules/npm-registry-client/lib/request.js:242:14)
34 verbose stack     at Request._callback (/Users/Fio/.nvm/versions/node/v4.4.2/lib/node_modules/npm/node_modules/npm-registry-client/lib/request.js:172:14)
34 verbose stack     at Request.self.callback (/Users/Fio/.nvm/versions/node/v4.4.2/lib/node_modules/npm/node_modules/request/request.js:199:22)
34 verbose stack     at emitTwo (events.js:87:13)
34 verbose stack     at Request.emit (events.js:172:7)
34 verbose stack     at Request.<anonymous> (/Users/Fio/.nvm/versions/node/v4.4.2/lib/node_modules/npm/node_modules/request/request.js:1036:10)
34 verbose stack     at emitOne (events.js:82:20)
34 verbose stack     at Request.emit (events.js:169:7)
34 verbose stack     at IncomingMessage.<anonymous> (/Users/Fio/.nvm/versions/node/v4.4.2/lib/node_modules/npm/node_modules/request/request.js:963:12)
35 verbose statusCode 404
36 verbose pkgid browsersync
37 verbose cwd /Users/Fio/Grind/jekyll-gulp-sass-browser-sync-master
38 error Darwin 15.6.0
39 error argv "/Users/Fio/.nvm/versions/node/v4.4.2/bin/node" "/Users/Fio/.nvm/versions/node/v4.4.2/bin/npm" "install" "browsersync"
40 error node v4.4.2
41 error npm  v2.15.0
42 error code E404
43 error 404 Registry returned 404 for GET on https://registry.npmjs.org/browsersync
43 error 404
43 error 404 'browsersync' is not in the npm registry.
43 error 404 You should bug the author to publish it (or use the name yourself!)
43 error 404 It was specified as a dependency of 'browser-sync-jekyll'
43 error 404
43 error 404 Note that you can also install from a
43 error 404 tarball, folder, http url, or git url.
44 verbose exit [ 1, true ]
